<?xml version="1.0" encoding="UTF-8"?>
<testsuite name="Scenario: creation is successful with valid username and a password with special character" tests="4" skipped="0" failures="2" errors="0" timestamp="2017-11-14T13:40:55" hostname="fuxi16" time="0.005">
  <properties/>
  <testcase name="Given command new user is selected" classname="Scenario: creation is successful with valid username and a password with special character" time="0.0"/>
  <testcase name="When username &quot;mikko&quot; and password &quot;okkimaa!&quot; are entered" classname="Scenario: creation is successful with valid username and a password with special character" time="0.0"/>
  <testcase name="Then system will respond with &quot;new user registered&quot;" classname="Scenario: creation is successful with valid username and a password with special character" time="0.002">
    <failure message="java.lang.AssertionError" type="java.lang.AssertionError">java.lang.AssertionError
	at org.junit.Assert.fail(Assert.java:86)
	at org.junit.Assert.assertTrue(Assert.java:41)
	at org.junit.Assert.assertTrue(Assert.java:52)
	at ohtu.Stepdefs.system_will_respond_with(Stepdefs.java:53)
	at ✽.Then system will respond with &quot;new user registered&quot;(ohtu/new_user.feature:11)
</failure>
  </testcase>
  <testcase name="classMethod" classname="Scenario: creation is successful with valid username and a password with special character" time="0.006">
    <failure message="java.lang.AssertionError" type="java.lang.AssertionError">java.lang.AssertionError
	at org.junit.Assert.fail(Assert.java:86)
	at org.junit.Assert.assertTrue(Assert.java:41)
	at org.junit.Assert.assertTrue(Assert.java:52)
	at ohtu.Stepdefs.system_will_respond_with(Stepdefs.java:53)
	at ✽.Then system will respond with &quot;new user registered&quot;(ohtu/new_user.feature:11)
</failure>
  </testcase>
  <system-out><![CDATA[
  Scenario: creation is successful with valid username and password ?[90m# ohtu/new_user.feature:3?[0m
    ?[32mGiven ?[0m?[32mcommand new user is selected?[0m                              ?[90m# Stepdefs.command_new_user_is_selected()?[0m
    ?[32mWhen ?[0m?[32musername "?[0m?[32m?[1mmikko?[0m?[32m" and password "?[0m?[32m?[1mokkim123?[0m?[32m" are entered?[0m       ?[90m# Stepdefs.a_username_and_password_are_entered(String,String)?[0m
    ?[32mThen ?[0m?[32msystem will respond with "?[0m?[32m?[1mnew user registered?[0m?[32m"?[0m             ?[90m# Stepdefs.system_will_respond_with(String)?[0m
]]></system-out>
  <system-err><![CDATA[]]></system-err>
</testsuite>
